  ConsoleApplication1.cpp
c:\users\dell\source\repos\cyint-code_challennge\consoleapplication1\consoleapplication1.cpp(29): error C2679: binary '<<': no operator found which takes a right-hand operand of type 'std::string' (or there is no acceptable conversion)
  d:\program files\microsoft visual studio\2017\professional\vc\tools\msvc\14.16.27023\include\ostream(508): note: could be 'std::basic_ostream<char,std::char_traits<char>> &std::basic_ostream<char,std::char_traits<char>>::operator <<(std::basic_streambuf<char,std::char_traits<char>> *)'
  d:\program files\microsoft visual studio\2017\professional\vc\tools\msvc\14.16.27023\include\ostream(480): note: or       'std::basic_ostream<char,std::char_traits<char>> &std::basic_ostream<char,std::char_traits<char>>::operator <<(const void *)'
  d:\program files\microsoft visual studio\2017\professional\vc\tools\msvc\14.16.27023\include\ostream(460): note: or       'std::basic_ostream<char,std::char_traits<char>> &std::basic_ostream<char,std::char_traits<char>>::operator <<(long double)'
  d:\program files\microsoft visual studio\2017\professional\vc\tools\msvc\14.16.27023\include\ostream(440): note: or       'std::basic_ostream<char,std::char_traits<char>> &std::basic_ostream<char,std::char_traits<char>>::operator <<(double)'
  d:\program files\microsoft visual studio\2017\professional\vc\tools\msvc\14.16.27023\include\ostream(420): note: or       'std::basic_ostream<char,std::char_traits<char>> &std::basic_ostream<char,std::char_traits<char>>::operator <<(float)'
  d:\program files\microsoft visual studio\2017\professional\vc\tools\msvc\14.16.27023\include\ostream(400): note: or       'std::basic_ostream<char,std::char_traits<char>> &std::basic_ostream<char,std::char_traits<char>>::operator <<(unsigned __int64)'
  d:\program files\microsoft visual studio\2017\professional\vc\tools\msvc\14.16.27023\include\ostream(380): note: or       'std::basic_ostream<char,std::char_traits<char>> &std::basic_ostream<char,std::char_traits<char>>::operator <<(__int64)'
  d:\program files\microsoft visual studio\2017\professional\vc\tools\msvc\14.16.27023\include\ostream(360): note: or       'std::basic_ostream<char,std::char_traits<char>> &std::basic_ostream<char,std::char_traits<char>>::operator <<(unsigned long)'
  d:\program files\microsoft visual studio\2017\professional\vc\tools\msvc\14.16.27023\include\ostream(340): note: or       'std::basic_ostream<char,std::char_traits<char>> &std::basic_ostream<char,std::char_traits<char>>::operator <<(long)'
  d:\program files\microsoft visual studio\2017\professional\vc\tools\msvc\14.16.27023\include\ostream(320): note: or       'std::basic_ostream<char,std::char_traits<char>> &std::basic_ostream<char,std::char_traits<char>>::operator <<(unsigned int)'
  d:\program files\microsoft visual studio\2017\professional\vc\tools\msvc\14.16.27023\include\ostream(295): note: or       'std::basic_ostream<char,std::char_traits<char>> &std::basic_ostream<char,std::char_traits<char>>::operator <<(int)'
  d:\program files\microsoft visual studio\2017\professional\vc\tools\msvc\14.16.27023\include\ostream(275): note: or       'std::basic_ostream<char,std::char_traits<char>> &std::basic_ostream<char,std::char_traits<char>>::operator <<(unsigned short)'
  d:\program files\microsoft visual studio\2017\professional\vc\tools\msvc\14.16.27023\include\ostream(241): note: or       'std::basic_ostream<char,std::char_traits<char>> &std::basic_ostream<char,std::char_traits<char>>::operator <<(short)'
  d:\program files\microsoft visual studio\2017\professional\vc\tools\msvc\14.16.27023\include\ostream(221): note: or       'std::basic_ostream<char,std::char_traits<char>> &std::basic_ostream<char,std::char_traits<char>>::operator <<(bool)'
  d:\program files\microsoft visual studio\2017\professional\vc\tools\msvc\14.16.27023\include\ostream(215): note: or       'std::basic_ostream<char,std::char_traits<char>> &std::basic_ostream<char,std::char_traits<char>>::operator <<(std::ios_base &(__cdecl *)(std::ios_base &))'
  d:\program files\microsoft visual studio\2017\professional\vc\tools\msvc\14.16.27023\include\ostream(209): note: or       'std::basic_ostream<char,std::char_traits<char>> &std::basic_ostream<char,std::char_traits<char>>::operator <<(std::basic_ios<char,std::char_traits<char>> &(__cdecl *)(std::basic_ios<char,std::char_traits<char>> &))'
  d:\program files\microsoft visual studio\2017\professional\vc\tools\msvc\14.16.27023\include\ostream(204): note: or       'std::basic_ostream<char,std::char_traits<char>> &std::basic_ostream<char,std::char_traits<char>>::operator <<(std::basic_ostream<char,std::char_traits<char>> &(__cdecl *)(std::basic_ostream<char,std::char_traits<char>> &))'
  d:\program files\microsoft visual studio\2017\professional\vc\tools\msvc\14.16.27023\include\ostream(1047): note: or       'std::basic_ostream<char,std::char_traits<char>> &std::operator <<<char,std::char_traits<char>>(std::basic_ostream<char,std::char_traits<char>> &,const std::error_code &)'
  d:\program files\microsoft visual studio\2017\professional\vc\tools\msvc\14.16.27023\include\ostream(981): note: or       'std::basic_ostream<char,std::char_traits<char>> &std::operator <<<std::char_traits<char>>(std::basic_ostream<char,std::char_traits<char>> &,unsigned char)'
  d:\program files\microsoft visual studio\2017\professional\vc\tools\msvc\14.16.27023\include\ostream(974): note: or       'std::basic_ostream<char,std::char_traits<char>> &std::operator <<<std::char_traits<char>>(std::basic_ostream<char,std::char_traits<char>> &,const unsigned char *)'
  d:\program files\microsoft visual studio\2017\professional\vc\tools\msvc\14.16.27023\include\ostream(967): note: or       'std::basic_ostream<char,std::char_traits<char>> &std::operator <<<std::char_traits<char>>(std::basic_ostream<char,std::char_traits<char>> &,signed char)'
  d:\program files\microsoft visual studio\2017\professional\vc\tools\msvc\14.16.27023\include\ostream(960): note: or       'std::basic_ostream<char,std::char_traits<char>> &std::operator <<<std::char_traits<char>>(std::basic_ostream<char,std::char_traits<char>> &,const signed char *)'
  d:\program files\microsoft visual studio\2017\professional\vc\tools\msvc\14.16.27023\include\ostream(834): note: or       'std::basic_ostream<char,std::char_traits<char>> &std::operator <<<std::char_traits<char>>(std::basic_ostream<char,std::char_traits<char>> &,char)'
  d:\program files\microsoft visual studio\2017\professional\vc\tools\msvc\14.16.27023\include\ostream(787): note: or       'std::basic_ostream<char,std::char_traits<char>> &std::operator <<<std::char_traits<char>>(std::basic_ostream<char,std::char_traits<char>> &,const char *)'
  d:\program files\microsoft visual studio\2017\professional\vc\tools\msvc\14.16.27023\include\ostream(749): note: or       'std::basic_ostream<char,std::char_traits<char>> &std::operator <<<char,std::char_traits<char>>(std::basic_ostream<char,std::char_traits<char>> &,char)'
  d:\program files\microsoft visual studio\2017\professional\vc\tools\msvc\14.16.27023\include\ostream(702): note: or       'std::basic_ostream<char,std::char_traits<char>> &std::operator <<<char,std::char_traits<char>>(std::basic_ostream<char,std::char_traits<char>> &,const char *)'
  c:\users\dell\source\repos\cyint-code_challennge\consoleapplication1\consoleapplication1.cpp(29): note: while trying to match the argument list '(std::basic_ostream<char,std::char_traits<char>>, std::string)'
